C51 COMPILER V9.01   MAIN                                                                  09/30/2018 10:53:51 PAGE 1   


C51 COMPILER V9.01, COMPILATION OF MODULE MAIN
OBJECT MODULE PLACED IN main.OBJ
COMPILER INVOKED BY: C:\Keil\C51\BIN\C51.EXE main.c BROWSE DEBUG OBJECTEXTEND

line level    source

   1          #include "reg52.h"
   2          sbit led0 = P2^0;         
   3          sbit led1 = P2^1;
   4          sbit led3 = P2^3;
   5          sbit led5 = P2^5;
   6          sbit led7 = P2^7;
   7          sbit led2 = P2^2;
   8          sbit led4 = P2^4;
   9          sbit led6 = P2^6;
  10          void main(){
  11   1      
  12   1              while(1){
  13   2                      led0 = 0;
  14   2                      led1 = 0;
  15   2                      led3 = 0;
  16   2                      led5 = 0;
  17   2                      led7 = 0;
  18   2                      led0 = 0;
  19   2                      led2 = 0;
  20   2                      led4 = 0;
  21   2                      led6 = 0;
  22   2      
  23   2      
  24   2              }
  25   1      
  26   1      }


MODULE INFORMATION:   STATIC OVERLAYABLE
   CODE SIZE        =     20    ----
   CONSTANT SIZE    =   ----    ----
   XDATA SIZE       =   ----    ----
   PDATA SIZE       =   ----    ----
   DATA SIZE        =   ----    ----
   IDATA SIZE       =   ----    ----
   BIT SIZE         =   ----    ----
END OF MODULE INFORMATION.


C51 COMPILATION COMPLETE.  0 WARNING(S),  0 ERROR(S)
