C51 COMPILER V9.01   MAIN                                                                  11/08/2018 09:18:48 PAGE 1   


C51 COMPILER V9.01, COMPILATION OF MODULE MAIN
OBJECT MODULE PLACED IN main.OBJ
COMPILER INVOKED BY: C:\Keil\C51\BIN\C51.EXE main.c BROWSE DEBUG OBJECTEXTEND

line level    source

   1          #include"reg52.h"
   2          typedef unsigned char u8;
   3          typedef unsigned int u16;
   4          
   5          sbit LSA = P2^2;
   6          sbit LSB = P2^3;
   7          sbit LSC = P2^4;
   8          
   9          #define GPIO_KEY P1
  10          #define GPIO_DIG P0
  11          
  12          u8 KeyValue;
  13          
  14          u8 code smgduan[]={0x3f,0x06,0x5b,0x4f,0x66,0x6d,0x7d,0x07,0x7f,0x6f,0x77,0x7c,0x39,0x5e,0x79,0x71};
  15          
  16          void delay(u16 i){
  17   1              while(i--);
  18   1      }
  19          
  20          
  21          void KeyDown(){
  22   1              u8 a = 0;
  23   1              GPIO_KEY = 0x0f;
  24   1              if(GPIO_KEY != 0x0f){
  25   2                              delay(1000);
  26   2                              if(GPIO_KEY != 0x0f){
  27   3                                      GPIO_KEY = 0x0f;
  28   3                                      switch(GPIO_KEY){
  29   4                                              case(0x07):KeyValue = 0;break;
  30   4                                              case(0x0b):KeyValue = 1;break;
  31   4                                              case(0x0d):KeyValue = 2;break;
  32   4                                              case(0x0e):KeyValue = 3;break;
  33   4                                      }
  34   3                                      GPIO_KEY = 0xf0;
  35   3                                              switch(GPIO_KEY){
  36   4                                              case(0x70):KeyValue = KeyValue;break;
  37   4                                              case(0xb0):KeyValue = KeyValue + 4;break;
  38   4                                              case(0xd0):KeyValue = KeyValue + 8;break;
  39   4                                              case(0xe0):KeyValue = KeyValue + 12;break;
  40   4                                      }
  41   3                                      while((a<50) && (GPIO_KEY != 0xf0)){
  42   4                                              delay(1000);
  43   4                                              a++;
  44   4                                      }
  45   3                              }
  46   2               }
  47   1      }
  48          void main(){
  49   1              LSA = 0;
  50   1              LSB = 0;
  51   1              LSC = 0;
  52   1              while(1){
  53   2                      keyDown();
*** WARNING C206 IN LINE 53 OF MAIN.C: 'keyDown': missing function-prototype
  54   2                      GPIO_DIG = smgduan[KeyValue];
C51 COMPILER V9.01   MAIN                                                                  11/08/2018 09:18:48 PAGE 2   

  55   2              }               
  56   1      }


MODULE INFORMATION:   STATIC OVERLAYABLE
   CODE SIZE        =    160    ----
   CONSTANT SIZE    =     16    ----
   XDATA SIZE       =   ----    ----
   PDATA SIZE       =   ----    ----
   DATA SIZE        =      1       1
   IDATA SIZE       =   ----    ----
   BIT SIZE         =   ----    ----
END OF MODULE INFORMATION.


C51 COMPILATION COMPLETE.  1 WARNING(S),  0 ERROR(S)
