C51 COMPILER V9.01   MAIN                                                                  10/01/2018 09:47:40 PAGE 1   


C51 COMPILER V9.01, COMPILATION OF MODULE MAIN
OBJECT MODULE PLACED IN main.OBJ
COMPILER INVOKED BY: C:\Keil\C51\BIN\C51.EXE main.c BROWSE DEBUG OBJECTEXTEND

line level    source

   1          #include"reg52.h"
   2          
   3          typedef unsigned char u8;
   4          typedef unsigned int u16;
   5          
   6          sbit LSA = P2^2;
   7          sbit LSB = P2^3;
   8          sbit LSC = P2^4;
   9          
  10          u8 code smgduan[]={0x3f,0x06,0x5b,0x4f,0x66,0x6d,0x7d,0x07,0x7f,0x6f,0x77,0x7c,0x39,0x5e,0x79,0x71};
  11          
  12          
  13          void delay(u16 i){
  14   1              while(i--);
  15   1      }
  16          
  17          void DigDisplay(){
  18   1                         u8 i;
  19   1                         for(i=0;i<8;i++){
  20   2                                 switch(i){
  21   3                                 case 0:LSA=0;LSB=0;LSC=0;break;
  22   3                                 case 1:LSA=1;LSB=0;LSC=0;break;
  23   3                                 case 2:LSA=0;LSB=1;LSC=0;break;
  24   3                                 case 3:LSA=1;LSB=1;LSC=0;break;
  25   3                                 case 4:LSA=0;LSB=0;LSC=1;break;
  26   3                                 case 5:LSA=1;LSB=0;LSC=1;break;
  27   3                                 case 6:LSA=0;LSB=1;LSC=1;break;
  28   3                                 case 7:LSA=1;LSB=1;LSC=1;break;
  29   3                                 }
  30   2                                 P0 = smgduan[i];
  31   2                                 delay(100);
  32   2                                 P0=0x00;
  33   2                         }
  34   1              }
  35          
  36          void main(){
  37   1      
  38   1      
  39   1              while(1){
  40   2      
  41   2                               DigDisplay();
  42   2                 
  43   2      
  44   2      
  45   2      
  46   2                 
  47   2                   
  48   2      
  49   2              
  50   2              }
  51   1      }


MODULE INFORMATION:   STATIC OVERLAYABLE
   CODE SIZE        =    125    ----
C51 COMPILER V9.01   MAIN                                                                  10/01/2018 09:47:40 PAGE 2   

   CONSTANT SIZE    =     16    ----
   XDATA SIZE       =   ----    ----
   PDATA SIZE       =   ----    ----
   DATA SIZE        =   ----    ----
   IDATA SIZE       =   ----    ----
   BIT SIZE         =   ----    ----
END OF MODULE INFORMATION.


C51 COMPILATION COMPLETE.  0 WARNING(S),  0 ERROR(S)
