C51 COMPILER V9.01   MAIN                                                                  09/30/2018 18:19:57 PAGE 1   


C51 COMPILER V9.01, COMPILATION OF MODULE MAIN
OBJECT MODULE PLACED IN main.OBJ
COMPILER INVOKED BY: C:\Keil\C51\BIN\C51.EXE main.c BROWSE DEBUG OBJECTEXTEND

line level    source

   1          #include"reg52.h"
   2          
   3          typedef unsigned char u8;
   4          typedef unsigned int u16;
   5          
   6          sbit LSA = P2^2;
   7          sbit LSB = P2^3;
   8          sbit LSC = P2^4;
   9          
  10          u8 code smgduan[]={0x3f,0x06,0x5b,0x4f,0x66,0x6d,0x7d,0x07,0x7f,0x6f,0x77,0x7c,0x39,0x5e,0x79,0x71};
  11          
  12          
  13          void delay(u16 i){
  14   1              while(i--);
  15   1      }
  16          
  17          void main(){
  18   1              u8 x=0;
  19   1              u8 i=0;
  20   1              LSA=0;
  21   1              LSB=0;
  22   1              LSC=0;
  23   1      
  24   1              while(1){
  25   2                 P0=smgduan[x];
  26   2                 delay(15000);
  27   2                 
  28   2                   if(x==16){
  29   3                           i++;
  30   3                               if(i==1)LSA=1;
  31   3                               else if(i==2){LSA=0;LSB=1;}
  32   3                               else if(i==3)LSA=1;
  33   3                               else if(i==4){LSA=0;LSB=0;LSC=1;}
  34   3                               else if(i==5)LSA=1;
  35   3                               else if(i==6){LSA=0;LSB=1;}
  36   3                               else if(i==7){LSA=1;}  
  37   3                               else if(i==8){i=0,LSA=0;LSB=0;LSC=0;}
  38   3                               
  39   3              
  40   3              
  41   3                              x=-1;
  42   3                 
  43   3                      }
  44   2                      x++;
  45   2      
  46   2                      }
  47   1      }


MODULE INFORMATION:   STATIC OVERLAYABLE
   CODE SIZE        =    109    ----
   CONSTANT SIZE    =     16    ----
   XDATA SIZE       =   ----    ----
   PDATA SIZE       =   ----    ----
   DATA SIZE        =   ----    ----
C51 COMPILER V9.01   MAIN                                                                  09/30/2018 18:19:57 PAGE 2   

   IDATA SIZE       =   ----    ----
   BIT SIZE         =   ----    ----
END OF MODULE INFORMATION.


C51 COMPILATION COMPLETE.  0 WARNING(S),  0 ERROR(S)
