生成启动时间为 2018/9/20 8:00:10。
     1>项目“C:\Users\Es无语中\Desktop\C\网易作业\C++（上）\Aloha_world\Aloha_world\Aloha_world.vcxproj”在节点 2 上(build 个目标)。
     1>PrepareForBuild:
         正在创建目录“C:\Users\Es无语中\Desktop\C\网易作业\C++（上）\Aloha_world\Debug\”。
       InitializeBuildStatus:
         正在创建“Debug\Aloha_world.unsuccessfulbuild”，因为已指定“AlwaysCreate”。
       ClCompile:
         Z:\VC++\VC\bin\CL.exe /c /ZI /nologo /W3 /WX- /Od /Oy- /D WIN32 /D _DEBUG /D _CONSOLE /D _UNICODE /D UNICODE /Gm /EHsc /RTC1 /MDd /GS /fp:precise /Zc:wchar_t /Zc:forScope /Fo"Debug\\" /Fd"Debug\vc100.pdb" /Gd /TP /analyze- /errorReport:prompt Aloha_world.cpp stdafx.cpp
         stdafx.cpp
         Aloha_world.cpp
     1>c:\users\es无语中\desktop\c\网易作业\c++（上）\aloha_world\aloha_world\aloha_world.cpp(14): warning C4551: 缺少参数列表的函数调用
         正在生成代码...
       ManifestResourceCompile:
         C:\Program Files (x86)\Microsoft SDKs\Windows\v7.0A\bin\rc.exe /nologo /fo"Debug\Aloha_world.exe.embed.manifest.res" Debug\Aloha_world_manifest.rc 
       Link:
         Z:\VC++\VC\bin\link.exe /ERRORREPORT:PROMPT /OUT:"C:\Users\Es无语中\Desktop\C\网易作业\C++（上）\Aloha_world\Debug\Aloha_world.exe" /INCREMENTAL /NOLOGO kernel32.lib user32.lib gdi32.lib winspool.lib comdlg32.lib advapi32.lib shell32.lib ole32.lib oleaut32.lib uuid.lib odbc32.lib odbccp32.lib /MANIFEST /ManifestFile:"Debug\Aloha_world.exe.intermediate.manifest" /MANIFESTUAC:"level='asInvoker' uiAccess='false'" /DEBUG /PDB:"C:\Users\Es无语中\Desktop\C\网易作业\C++（上）\Aloha_world\Debug\Aloha_world.pdb" /SUBSYSTEM:CONSOLE /TLBID:1 /DYNAMICBASE /NXCOMPAT /IMPLIB:"C:\Users\Es无语中\Desktop\C\网易作业\C++（上）\Aloha_world\Debug\Aloha_world.lib" /MACHINE:X86 Debug\Aloha_world.exe.embed.manifest.res
         Debug\Aloha_world.obj
         Debug\stdafx.obj
       Manifest:
         C:\Program Files (x86)\Microsoft SDKs\Windows\v7.0A\bin\mt.exe /nologo /verbose /out:"Debug\Aloha_world.exe.embed.manifest" /manifest Debug\Aloha_world.exe.intermediate.manifest
         C:\Program Files (x86)\Microsoft SDKs\Windows\v7.0A\bin\rc.exe /nologo /fo"Debug\Aloha_world.exe.embed.manifest.res" Debug\Aloha_world_manifest.rc 
       LinkEmbedManifest:
         Z:\VC++\VC\bin\link.exe /ERRORREPORT:PROMPT /OUT:"C:\Users\Es无语中\Desktop\C\网易作业\C++（上）\Aloha_world\Debug\Aloha_world.exe" /INCREMENTAL /NOLOGO kernel32.lib user32.lib gdi32.lib winspool.lib comdlg32.lib advapi32.lib shell32.lib ole32.lib oleaut32.lib uuid.lib odbc32.lib odbccp32.lib /MANIFEST /ManifestFile:"Debug\Aloha_world.exe.intermediate.manifest" /MANIFESTUAC:"level='asInvoker' uiAccess='false'" /DEBUG /PDB:"C:\Users\Es无语中\Desktop\C\网易作业\C++（上）\Aloha_world\Debug\Aloha_world.pdb" /SUBSYSTEM:CONSOLE /TLBID:1 /DYNAMICBASE /NXCOMPAT /IMPLIB:"C:\Users\Es无语中\Desktop\C\网易作业\C++（上）\Aloha_world\Debug\Aloha_world.lib" /MACHINE:X86 Debug\Aloha_world.exe.embed.manifest.res
         Debug\Aloha_world.obj
         Debug\stdafx.obj
         Aloha_world.vcxproj -> C:\Users\Es无语中\Desktop\C\网易作业\C++（上）\Aloha_world\Debug\Aloha_world.exe
       FinalizeBuildStatus:
         正在删除文件“Debug\Aloha_world.unsuccessfulbuild”。
         正在对“Debug\Aloha_world.lastbuildstate”执行 Touch 任务。
     1>已完成生成项目“C:\Users\Es无语中\Desktop\C\网易作业\C++（上）\Aloha_world\Aloha_world\Aloha_world.vcxproj”(build 个目标)的操作。

生成成功。

已用时间 00:00:08.75
