C51 COMPILER V9.01   MAIN                                                                  10/04/2018 10:35:28 PAGE 1   


C51 COMPILER V9.01, COMPILATION OF MODULE MAIN
OBJECT MODULE PLACED IN main.OBJ
COMPILER INVOKED BY: C:\Keil\C51\BIN\C51.EXE main.c BROWSE DEBUG OBJECTEXTEND

line level    source

   1          #include"reg52.h"
   2          typedef unsigned char u8;
   3          typedef unsigned int u16;
   4          
   5          
   6          sbit led = P2^0;        //D1
   7          sbit k1=P3^1;
   8          
   9          void delay(u16 i){
  10   1              while(i--);
  11   1      }
  12          void Keypros(){
  13   1              
  14   1              if(k1==0){
  15   2                      delay(1000);
  16   2                      if(k1==0){
  17   3                              led=~led;
  18   3                              }
  19   2                              while(!k1);
  20   2                      }
  21   1      }
  22          
  23          void main(){
  24   1      
  25   1              while(1){
  26   2                 
  27   2                 void Keypros();
  28   2              }
  29   1      
  30   1      }


MODULE INFORMATION:   STATIC OVERLAYABLE
   CODE SIZE        =     32    ----
   CONSTANT SIZE    =   ----    ----
   XDATA SIZE       =   ----    ----
   PDATA SIZE       =   ----    ----
   DATA SIZE        =   ----    ----
   IDATA SIZE       =   ----    ----
   BIT SIZE         =   ----    ----
END OF MODULE INFORMATION.


C51 COMPILATION COMPLETE.  0 WARNING(S),  0 ERROR(S)
